<?xml version="1.0" encoding="UTF-8"?>
<!-- Generated by org.testng.reporters.JUnitReportReporter -->
<testsuite skipped="1" hostname="SYSTEM-72" name="com.lnitest.LniTest" tests="14" failures="0" timestamp="25 Dec 2019 14:52:20 GMT" time="243.807" errors="0">
  <testcase name="submitLniFormAndVerify" time="22.466" classname="com.lnitest.LniTest"/>
  <testcase name="validatePriorityBlankError" time="19.369" classname="com.lnitest.LniTest"/>
  <testcase name="verifyLearningTypeBlankError" time="18.513" classname="com.lnitest.LniTest"/>
  <testcase name="verifySponsorerBlankErr" time="19.162" classname="com.lnitest.LniTest"/>
  <testcase name="view_Lni_SummaryAndVerify" time="10.530" classname="com.lnitest.LniTest"/>
  <testcase name="verifyLearningNeedDescriptionBlankError" time="19.298" classname="com.lnitest.LniTest"/>
  <testcase name="verifyPeopleEditboxBlankError" time="19.290" classname="com.lnitest.LniTest"/>
  <testcase name="verifyProjectNameBlankError" time="17.443" classname="com.lnitest.LniTest"/>
  <testcase name="checkCurrentExpertiseBlankError" time="23.055" classname="com.lnitest.LniTest"/>
  <testcase name="verifyProjectCodeBlankError" time="19.479" classname="com.lnitest.LniTest"/>
  <testcase name="validateClassificationBlankError" time="19.410" classname="com.lnitest.LniTest"/>
  <testcase name="verifyDurationEditboxBlankError" time="19.187" classname="com.lnitest.LniTest"/>
  <testcase name="verifyLniTitleBlankError" time="16.605" classname="com.lnitest.LniTest"/>
  <testcase name="modifyLniDetailsAndVerify" classname="com.lnitest.LniTest">
    <skipped/>
  </testcase> <!-- modifyLniDetailsAndVerify -->
</testsuite> <!-- com.lnitest.LniTest -->
