<?xml version="1.0" encoding="UTF-8"?>
<!-- Generated by org.testng.reporters.JUnitReportReporter -->
<testsuite skipped="0" hostname="SYSTEM-72" name="com.lnitest.LniTest" tests="1" failures="0" timestamp="07 Dec 2019 04:21:33 GMT" time="5.879" errors="0">
  <testcase name="submitLniFormAndVerify" time="5.879" classname="com.lnitest.LniTest"/>
</testsuite> <!-- com.lnitest.LniTest -->
