<?xml version="1.0" encoding="UTF-8"?>
<!-- Generated by org.testng.reporters.JUnitReportReporter -->
<testsuite skipped="0" hostname="SYSTEM-72" name="com.lnitest.LniTest" tests="2" failures="0" timestamp="11 Dec 2019 12:33:03 GMT" time="38.661" errors="0">
  <testcase name="submitLniFormAndVerify" time="24.410" classname="com.lnitest.LniTest"/>
  <testcase name="view_Lni_Summary" time="14.251" classname="com.lnitest.LniTest"/>
</testsuite> <!-- com.lnitest.LniTest -->
