<?xml version="1.0" encoding="UTF-8"?>
<!-- Generated by org.testng.reporters.JUnitReportReporter -->
<testsuite skipped="16" hostname="SYSTEM-72" name="com.lnitest.LniTest" tests="17" failures="0" timestamp="16 Jan 2020 13:57:45 GMT" time="0.000" errors="1">
  <testcase name="submitLniFormAndVerify" time="0.000" classname="com.lnitest.LniTest">
    <skipped/>
  </testcase> <!-- submitLniFormAndVerify -->
  <testcase name="validatePriorityBlankError" time="0.000" classname="com.lnitest.LniTest">
    <skipped/>
  </testcase> <!-- validatePriorityBlankError -->
  <testcase name="verifySponsorerBlankErr" time="0.000" classname="com.lnitest.LniTest">
    <skipped/>
  </testcase> <!-- verifySponsorerBlankErr -->
  <testcase name="verifyDurationEditboxBlankError" time="0.000" classname="com.lnitest.LniTest">
    <skipped/>
  </testcase> <!-- verifyDurationEditboxBlankError -->
  <testcase name="verifyLearningNeedDescriptionBlankError" time="0.000" classname="com.lnitest.LniTest">
    <skipped/>
  </testcase> <!-- verifyLearningNeedDescriptionBlankError -->
  <testcase name="modifyLniDetailsAndVerify" time="0.000" classname="com.lnitest.LniTest">
    <skipped/>
  </testcase> <!-- modifyLniDetailsAndVerify -->
  <testcase name="verifyProjectNameBlankError" time="0.000" classname="com.lnitest.LniTest">
    <skipped/>
  </testcase> <!-- verifyProjectNameBlankError -->
  <testcase name="validateClassificationBlankError" time="0.000" classname="com.lnitest.LniTest">
    <skipped/>
  </testcase> <!-- validateClassificationBlankError -->
  <testcase name="verifyPeopleEditboxBlankError" time="0.000" classname="com.lnitest.LniTest">
    <skipped/>
  </testcase> <!-- verifyPeopleEditboxBlankError -->
  <testcase name="view_Lni_SummaryAndVerify" time="0.000" classname="com.lnitest.LniTest">
    <skipped/>
  </testcase> <!-- view_Lni_SummaryAndVerify -->
  <testcase name="verifyLearningTypeBlankError" time="0.000" classname="com.lnitest.LniTest">
    <skipped/>
  </testcase> <!-- verifyLearningTypeBlankError -->
  <testcase name="AddAndVerifyEligibility" time="0.000" classname="com.lnitest.LniTest">
    <skipped/>
  </testcase> <!-- AddAndVerifyEligibility -->
  <testcase name="checkCurrentExpertiseBlankError" time="0.000" classname="com.lnitest.LniTest">
    <skipped/>
  </testcase> <!-- checkCurrentExpertiseBlankError -->
  <testcase name="openBrowser" time="0.000" classname="com.lnitest.LniTest">
    <error type="org.testng.TestNGException" message="
Parameter &#039;browser&#039; is required by BeforeClass on method openBrowser but has not been marked @Optional or defined
in C:\Users\Prod\AppData\Local\Temp\testng-eclipse-227297369\testng-customsuite.xml">
      <![CDATA[org.testng.TestNGException: 
Parameter 'browser' is required by BeforeClass on method openBrowser but has not been marked @Optional or defined
in C:\Users\Prod\AppData\Local\Temp\testng-eclipse-227297369\testng-customsuite.xml
at org.testng.internal.Parameters.createParams(Parameters.java:290)
at org.testng.internal.Parameters.createParametersForMethod(Parameters.java:359)
at org.testng.internal.Parameters.createParameters(Parameters.java:620)
at org.testng.internal.Parameters.createConfigurationParameters(Parameters.java:190)
at org.testng.internal.Invoker.invokeConfigurations(Invoker.java:209)
at org.testng.internal.Invoker.invokeConfigurations(Invoker.java:142)
at org.testng.internal.TestMethodWorker.invokeBeforeClassMethods(TestMethodWorker.java:168)
at org.testng.internal.TestMethodWorker.run(TestMethodWorker.java:105)
at org.testng.TestRunner.privateRun(TestRunner.java:648)
at org.testng.TestRunner.run(TestRunner.java:505)
at org.testng.SuiteRunner.runTest(SuiteRunner.java:455)
at org.testng.SuiteRunner.runSequentially(SuiteRunner.java:450)
at org.testng.SuiteRunner.privateRun(SuiteRunner.java:415)
at org.testng.SuiteRunner.run(SuiteRunner.java:364)
at org.testng.SuiteRunnerWorker.runSuite(SuiteRunnerWorker.java:52)
at org.testng.SuiteRunnerWorker.run(SuiteRunnerWorker.java:84)
at org.testng.TestNG.runSuitesSequentially(TestNG.java:1208)
at org.testng.TestNG.runSuitesLocally(TestNG.java:1137)
at org.testng.TestNG.runSuites(TestNG.java:1049)
at org.testng.TestNG.run(TestNG.java:1017)
at org.testng.remote.AbstractRemoteTestNG.run(AbstractRemoteTestNG.java:115)
at org.testng.remote.RemoteTestNG.initAndRun(RemoteTestNG.java:251)
at org.testng.remote.RemoteTestNG.main(RemoteTestNG.java:77)
]]>
    </error>
  </testcase> <!-- openBrowser -->
  <testcase name="verifyLniTitleBlankError" time="0.000" classname="com.lnitest.LniTest">
    <skipped/>
  </testcase> <!-- verifyLniTitleBlankError -->
  <testcase name="verifyProjectCodeBlankError" time="0.000" classname="com.lnitest.LniTest">
    <skipped/>
  </testcase> <!-- verifyProjectCodeBlankError -->
  <testcase name="submitLNIAndpproveRequest" time="0.000" classname="com.lnitest.LniTest">
    <skipped/>
  </testcase> <!-- submitLNIAndpproveRequest -->
</testsuite> <!-- com.lnitest.LniTest -->
