<?xml version="1.0" encoding="UTF-8"?>
<!-- Generated by org.testng.reporters.JUnitReportReporter -->
<testsuite skipped="0" hostname="SYSTEM-72" name="com.lnitest.LniTest" tests="2" failures="0" timestamp="13 Dec 2019 07:22:27 GMT" time="36.465" errors="0">
  <testcase name="view_Lni_Summary" time="13.656" classname="com.lnitest.LniTest"/>
  <testcase name="submitLniFormAndVerify" time="22.809" classname="com.lnitest.LniTest"/>
</testsuite> <!-- com.lnitest.LniTest -->
