<?xml version="1.0" encoding="UTF-8"?>
<!-- Generated by org.testng.reporters.JUnitReportReporter -->
<testsuite skipped="0" hostname="SYSTEM-72" name="com.lnitest.LniTest" tests="1" failures="0" timestamp="27 Dec 2019 07:25:54 GMT" time="9.469" errors="0">
  <testcase name="AddAndVerifyEligibility" time="9.469" classname="com.lnitest.LniTest"/>
</testsuite> <!-- com.lnitest.LniTest -->
